<?xml version="1.0" encoding="UTF-8"?>
<coverage generated="1718471084130" clover="3.2.0">
  <project timestamp="1718471084130" name="All files">
    <metrics statements="2" coveredstatements="0" conditionals="0" coveredconditionals="0" methods="0" coveredmethods="0" elements="2" coveredelements="0" complexity="0" loc="2" ncloc="2" packages="2" files="2" classes="2"/>
    <package name="components">
      <metrics statements="1" coveredstatements="0" conditionals="0" coveredconditionals="0" methods="0" coveredmethods="0"/>
      <file name="Tutorial.vue" path="D:\main\Yes-Or-No\components\Tutorial.vue">
        <metrics statements="1" coveredstatements="0" conditionals="0" coveredconditionals="0" methods="0" coveredmethods="0"/>
        <line num="47" count="0" type="stmt"/>
      </file>
    </package>
    <package name="pages">
      <metrics statements="1" coveredstatements="0" conditionals="0" coveredconditionals="0" methods="0" coveredmethods="0"/>
      <file name="index.vue" path="D:\main\Yes-Or-No\pages\index.vue">
        <metrics statements="1" coveredstatements="0" conditionals="0" coveredconditionals="0" methods="0" coveredmethods="0"/>
        <line num="4" count="0" type="stmt"/>
      </file>
    </package>
  </project>
</coverage>
